# JRE version: Java(TM) SE Runtime Environment (8.0_161-b12) (build 1.8.0_161-b12)
# Java VM: Java HotSpot(TM) 64-Bit Server VM (25.161-b12 mixed mode windows-amd64 compressed oops)
Heap:
 PSYoungGen      total 60416K, used 17182K [0x00000000e0780000, 0x00000000e4d80000, 0x0000000100000000)
  eden space 49152K, 19% used [0x00000000e0780000,0x00000000e10b3998,0x00000000e3780000)
  from space 11264K, 68% used [0x00000000e4280000,0x00000000e4a14030,0x00000000e4d80000)
  to   space 11264K, 0% used [0x00000000e3780000,0x00000000e3780000,0x00000000e4280000)
 ParOldGen       total 65536K, used 15507K [0x00000000a1600000, 0x00000000a5600000, 0x00000000e0780000)
  object space 65536K, 23% used [0x00000000a1600000,0x00000000a2524f28,0x00000000a5600000)
 Metaspace       used 15325K, capacity 15638K, committed 15872K, reserved 1062912K
  class space    used 1876K, capacity 1991K, committed 2048K, reserved 1048576K
GC Heap History (10 events):
Event: 23.510 GC heap before
{Heap before GC invocations=2 (full 0):
 PSYoungGen      total 28672K, used 28659K [0x00000000e0780000, 0x00000000e2780000, 0x0000000100000000)
  eden space 24576K, 100% used [0x00000000e0780000,0x00000000e1f80000,0x00000000e1f80000)
  from space 4096K, 99% used [0x00000000e1f80000,0x00000000e237cc58,0x00000000e2380000)
  to   space 4096K, 0% used [0x00000000e2380000,0x00000000e2380000,0x00000000e2780000)
 ParOldGen       total 65536K, used 351K [0x00000000a1600000, 0x00000000a5600000, 0x00000000e0780000)
  object space 65536K, 0% used [0x00000000a1600000,0x00000000a1657e18,0x00000000a5600000)
 Metaspace       used 10466K, capacity 10666K, committed 10880K, reserved 1058816K
  class space    used 1306K, capacity 1383K, committed 1408K, reserved 1048576K
Event: 23.518 GC heap after
Heap after GC invocations=2 (full 0):
 PSYoungGen      total 28672K, used 4070K [0x00000000e0780000, 0x00000000e2780000, 0x0000000100000000)
  eden space 24576K, 0% used [0x00000000e0780000,0x00000000e0780000,0x00000000e1f80000)
  from space 4096K, 99% used [0x00000000e2380000,0x00000000e27798e0,0x00000000e2780000)
  to   space 4096K, 0% used [0x00000000e1f80000,0x00000000e1f80000,0x00000000e2380000)
 ParOldGen       total 65536K, used 1760K [0x00000000a1600000, 0x00000000a5600000, 0x00000000e0780000)
  object space 65536K, 2% used [0x00000000a1600000,0x00000000a17b8170,0x00000000a5600000)
 Metaspace       used 10466K, capacity 10666K, committed 10880K, reserved 1058816K
  class space    used 1306K, capacity 1383K, committed 1408K, reserved 1048576K
}
Event: 41.695 GC heap before
{Heap before GC invocations=3 (full 0):
 PSYoungGen      total 28672K, used 28646K [0x00000000e0780000, 0x00000000e2780000, 0x0000000100000000)
  eden space 24576K, 100% used [0x00000000e0780000,0x00000000e1f80000,0x00000000e1f80000)
  from space 4096K, 99% used [0x00000000e2380000,0x00000000e27798e0,0x00000000e2780000)
  to   space 4096K, 0% used [0x00000000e1f80000,0x00000000e1f80000,0x00000000e2380000)
 ParOldGen       total 65536K, used 1760K [0x00000000a1600000, 0x00000000a5600000, 0x00000000e0780000)
  object space 65536K, 2% used [0x00000000a1600000,0x00000000a17b8170,0x00000000a5600000)
 Metaspace       used 13750K, capacity 14038K, committed 14208K, reserved 1060864K
  class space    used 1710K, capacity 1811K, committed 1920K, reserved 1048576K
Event: 41.707 GC heap after
Heap after GC invocations=3 (full 0):
 PSYoungGen      total 28672K, used 4080K [0x00000000e0780000, 0x00000000e2780000, 0x0000000100000000)
  eden space 24576K, 0% used [0x00000000e0780000,0x00000000e0780000,0x00000000e1f80000)
  from space 4096K, 99% used [0x00000000e1f80000,0x00000000e237c010,0x00000000e2380000)
  to   space 4096K, 0% used [0x00000000e2380000,0x00000000e2380000,0x00000000e2780000)
 ParOldGen       total 65536K, used 5249K [0x00000000a1600000, 0x00000000a5600000, 0x00000000e0780000)
  object space 65536K, 8% used [0x00000000a1600000,0x00000000a1b206e8,0x00000000a5600000)
 Metaspace       used 13750K, capacity 14038K, committed 14208K, reserved 1060864K
  class space    used 1710K, capacity 1811K, committed 1920K, reserved 1048576K
}
Event: 45.445 GC heap before
{Heap before GC invocations=4 (full 0):
 PSYoungGen      total 28672K, used 28656K [0x00000000e0780000, 0x00000000e2780000, 0x0000000100000000)
  eden space 24576K, 100% used [0x00000000e0780000,0x00000000e1f80000,0x00000000e1f80000)
  from space 4096K, 99% used [0x00000000e1f80000,0x00000000e237c010,0x00000000e2380000)
  to   space 4096K, 0% used [0x00000000e2380000,0x00000000e2380000,0x00000000e2780000)
 ParOldGen       total 65536K, used 5249K [0x00000000a1600000, 0x00000000a5600000, 0x00000000e0780000)
  object space 65536K, 8% used [0x00000000a1600000,0x00000000a1b206e8,0x00000000a5600000)
 Metaspace       used 14050K, capacity 14324K, committed 14464K, reserved 1062912K
  class space    used 1726K, capacity 1816K, committed 1920K, reserved 1048576K
Event: 45.465 GC heap after
Heap after GC invocations=4 (full 0):
 PSYoungGen      total 28672K, used 4080K [0x00000000e0780000, 0x00000000e2780000, 0x0000000100000000)
  eden space 24576K, 0% used [0x00000000e0780000,0x00000000e0780000,0x00000000e1f80000)
  from space 4096K, 99% used [0x00000000e2380000,0x00000000e277c030,0x00000000e2780000)
  to   space 4096K, 0% used [0x00000000e1f80000,0x00000000e1f80000,0x00000000e2380000)
 ParOldGen       total 65536K, used 11599K [0x00000000a1600000, 0x00000000a5600000, 0x00000000e0780000)
  object space 65536K, 17% used [0x00000000a1600000,0x00000000a2153f18,0x00000000a5600000)
 Metaspace       used 14050K, capacity 14324K, committed 14464K, reserved 1062912K
  class space    used 1726K, capacity 1816K, committed 1920K, reserved 1048576K
}
Event: 45.703 GC heap before
{Heap before GC invocations=5 (full 0):
 PSYoungGen      total 28672K, used 28656K [0x00000000e0780000, 0x00000000e2780000, 0x0000000100000000)
  eden space 24576K, 100% used [0x00000000e0780000,0x00000000e1f80000,0x00000000e1f80000)
  from space 4096K, 99% used [0x00000000e2380000,0x00000000e277c030,0x00000000e2780000)
  to   space 4096K, 0% used [0x00000000e1f80000,0x00000000e1f80000,0x00000000e2380000)
 ParOldGen       total 65536K, used 11599K [0x00000000a1600000, 0x00000000a5600000, 0x00000000e0780000)
  object space 65536K, 17% used [0x00000000a1600000,0x00000000a2153f18,0x00000000a5600000)
 Metaspace       used 14222K, capacity 14458K, committed 14720K, reserved 1062912K
  class space    used 1729K, capacity 1817K, committed 1920K, reserved 1048576K
Event: 45.714 GC heap after
Heap after GC invocations=5 (full 0):
 PSYoungGen      total 28672K, used 4080K [0x00000000e0780000, 0x00000000e4d80000, 0x0000000100000000)
  eden space 24576K, 0% used [0x00000000e0780000,0x00000000e0780000,0x00000000e1f80000)
  from space 4096K, 99% used [0x00000000e1f80000,0x00000000e237c010,0x00000000e2380000)
  to   space 11264K, 0% used [0x00000000e4280000,0x00000000e4280000,0x00000000e4d80000)
 ParOldGen       total 65536K, used 15499K [0x00000000a1600000, 0x00000000a5600000, 0x00000000e0780000)
  object space 65536K, 23% used [0x00000000a1600000,0x00000000a2522f28,0x00000000a5600000)
 Metaspace       used 14222K, capacity 14458K, committed 14720K, reserved 1062912K
  class space    used 1729K, capacity 1817K, committed 1920K, reserved 1048576K
}
Event: 46.169 GC heap before
{Heap before GC invocations=6 (full 0):
 PSYoungGen      total 28672K, used 28656K [0x00000000e0780000, 0x00000000e4d80000, 0x0000000100000000)
  eden space 24576K, 100% used [0x00000000e0780000,0x00000000e1f80000,0x00000000e1f80000)
  from space 4096K, 99% used [0x00000000e1f80000,0x00000000e237c010,0x00000000e2380000)
  to   space 11264K, 0% used [0x00000000e4280000,0x00000000e4280000,0x00000000e4d80000)
 ParOldGen       total 65536K, used 15499K [0x00000000a1600000, 0x00000000a5600000, 0x00000000e0780000)
  object space 65536K, 23% used [0x00000000a1600000,0x00000000a2522f28,0x00000000a5600000)
 Metaspace       used 14421K, capacity 14758K, committed 14976K, reserved 1062912K
  class space    used 1747K, capacity 1851K, committed 1920K, reserved 1048576K
Event: 46.189 GC heap after
Heap after GC invocations=6 (full 0):
 PSYoungGen      total 60416K, used 7760K [0x00000000e0780000, 0x00000000e4d80000, 0x0000000100000000)
  eden space 49152K, 0% used [0x00000000e0780000,0x00000000e0780000,0x00000000e3780000)
  from space 11264K, 68% used [0x00000000e4280000,0x00000000e4a14030,0x00000000e4d80000)
  to   space 11264K, 0% used [0x00000000e3780000,0x00000000e3780000,0x00000000e4280000)
 ParOldGen       total 65536K, used 15507K [0x00000000a1600000, 0x00000000a5600000, 0x00000000e0780000)
  object space 65536K, 23% used [0x00000000a1600000,0x00000000a2524f28,0x00000000a5600000)
 Metaspace       used 14421K, capacity 14758K, committed 14976K, reserved 1062912K
  class space    used 1747K, capacity 1851K, committed 1920K, reserved 1048576K
}

